alpha1e/build/outputs/logs/manifest-merger-ubt_debug-debug-report.txt
-- Merging decision tree log ---
manifest
ADDED from src\main\AndroidManifest.xml:2:1-581:12
	package
		ADDED from src\main\AndroidManifest.xml:4:5-30
		INJECTED from src\main\AndroidManifest.xml
		INJECTED from src\main\AndroidManifest.xml
	android:versionName
		ADDED from src\main\AndroidManifest.xml:6:5-34
		INJECTED from src\main\AndroidManifest.xml
		INJECTED from src\main\AndroidManifest.xml
	xmlns:tools
		ADDED from src\main\AndroidManifest.xml:3:5-51
	android:versionCode
		ADDED from src\main\AndroidManifest.xml:5:5-31
		INJECTED from src\main\AndroidManifest.xml
		INJECTED from src\main\AndroidManifest.xml
	xmlns:android
		ADDED from src\main\AndroidManifest.xml:2:11-69
uses-sdk
ADDED from src\main\AndroidManifest.xml:8:5-10:41
MERGED from [com.android.support:multidex:1.0.1] AndroidManifest.xml:18:5-42
MERGED from [alpha1e-android-app:alpha1sLib:unspecified] AndroidManifest.xml:7:5-9:41
MERGED from [alpha1e-android-app:slidingmenu_library:unspecified] AndroidManifest.xml:7:5-9:41
MERGED from [com.android.support:support-v4:24.0.0-beta1] AndroidManifest.xml:21:5-23:54
MERGED from [alpha1e-android-app:alphaQRLib:unspecified] AndroidManifest.xml:7:5-9:41
MERGED from [com.android.support:support-v4:24.0.0-beta1] AndroidManifest.xml:21:5-23:54
MERGED from [alpha1e-android-app:choseCountryNum:unspecified] AndroidManifest.xml:7:5-9:41
MERGED from [alpha1e-android-app:weiboSDK:unspecified] AndroidManifest.xml:7:5-9:41
MERGED from [alpha1e-android-app:choseCountryNum:unspecified] AndroidManifest.xml:7:5-9:41
MERGED from [alpha1e-android-app:alpha1sGifLib:unspecified] AndroidManifest.xml:7:5-9:41
MERGED from [com.android.support:support-v4:24.0.0-beta1] AndroidManifest.xml:21:5-23:54
MERGED from [alpha1e-android-app:ChangeSkin:unspecified] AndroidManifest.xml:5:5-7:41
MERGED from [com.android.support:appcompat-v7:24.0.0-beta1] AndroidManifest.xml:21:5-23:78
MERGED from [com.android.support:support-v4:24.0.0-beta1] AndroidManifest.xml:21:5-23:54
MERGED from [com.android.support:support-vector-drawable:24.0.0-beta1] AndroidManifest.xml:21:5-43
MERGED from [com.android.support:support-v4:24.0.0-beta1] AndroidManifest.xml:21:5-23:54
MERGED from [com.android.support:animated-vector-drawable:24.0.0-beta1] AndroidManifest.xml:20:5-44
MERGED from [com.android.support:support-vector-drawable:24.0.0-beta1] AndroidManifest.xml:21:5-43
MERGED from [com.android.support:support-v4:24.0.0-beta1] AndroidManifest.xml:21:5-23:54
MERGED from [alpha1e-android-app:alpha1sGifLib:unspecified] AndroidManifest.xml:7:5-9:41
MERGED from [com.android.support:support-v4:24.0.0-beta1] AndroidManifest.xml:21:5-23:54
MERGED from [:qiniu-android-sdk-7.2.0:] AndroidManifest.xml:7:5-9:41
MERGED from [:happy-dns-0.2.7:] AndroidManifest.xml:7:5-9:41
MERGED from [:vitamioRecorderLibrary-release:] AndroidManifest.xml:7:5-9:41
MERGED from [:universalvideoview-release:] AndroidManifest.xml:7:5-9:41
MERGED from [com.android.support:support-v4:24.0.0-beta1] AndroidManifest.xml:21:5-23:54
MERGED from [com.android.support:recyclerview-v7:24.0.0-beta1] AndroidManifest.xml:20:5-43
MERGED from [com.android.support:support-v4:24.0.0-beta1] AndroidManifest.xml:21:5-23:54
MERGED from [com.android.support:design:24.0.0-beta1] AndroidManifest.xml:20:5-43
MERGED from [com.android.support:support-v4:24.0.0-beta1] AndroidManifest.xml:21:5-23:54
MERGED from [com.android.support:recyclerview-v7:24.0.0-beta1] AndroidManifest.xml:20:5-43
MERGED from [com.android.support:support-v4:24.0.0-beta1] AndroidManifest.xml:21:5-23:54
MERGED from [com.android.support:appcompat-v7:24.0.0-beta1] AndroidManifest.xml:21:5-23:78
MERGED from [com.android.support:support-v4:24.0.0-beta1] AndroidManifest.xml:21:5-23:54
MERGED from [com.android.support:support-vector-drawable:24.0.0-beta1] AndroidManifest.xml:21:5-43
MERGED from [com.android.support:support-v4:24.0.0-beta1] AndroidManifest.xml:21:5-23:54
MERGED from [com.android.support:animated-vector-drawable:24.0.0-beta1] AndroidManifest.xml:20:5-44
MERGED from [com.android.support:support-vector-drawable:24.0.0-beta1] AndroidManifest.xml:21:5-43
MERGED from [com.android.support:support-v4:24.0.0-beta1] AndroidManifest.xml:21:5-23:54
MERGED from [com.github.bumptech.glide:okhttp3-integration:1.4.0] AndroidManifest.xml:7:5-9:41
MERGED from [com.facebook.android:facebook-android-sdk:4.8.0] AndroidManifest.xml:24:5-26:41
MERGED from [com.android.support:support-v4:24.0.0-beta1] AndroidManifest.xml:21:5-23:54
MERGED from [com.android.support:multidex:1.0.1] AndroidManifest.xml:18:5-42
MERGED from [com.zhy:okhttputils:2.6.2] AndroidManifest.xml:7:5-9:41
MERGED from [com.czt.mp3recorder:library:1.0.4] AndroidManifest.xml:7:5-9:41
MERGED from [com.android.support:support-v4:24.0.0-beta1] AndroidManifest.xml:21:5-23:54
MERGED from [com.squareup.leakcanary:leakcanary-android:1.4-beta2] AndroidManifest.xml:20:5-22:41
	tools:overrideLibrary
		ADDED from [com.android.support:support-v4:24.0.0-beta1] AndroidManifest.xml:23:9-51
	android:targetSdkVersion
		ADDED from src\main\AndroidManifest.xml:10:9-38
		INJECTED from src\main\AndroidManifest.xml
		INJECTED from src\main\AndroidManifest.xml
	android:minSdkVersion
		ADDED from src\main\AndroidManifest.xml:9:9-35
		INJECTED from src\main\AndroidManifest.xml
		INJECTED from src\main\AndroidManifest.xml
permission#com.ubt.alpha1e.permission.JPUSH_MESSAGE
ADDED from src\main\AndroidManifest.xml:12:5-14:47
	android:protectionLevel
		ADDED from src\main\AndroidManifest.xml:14:9-44
	android:name
		ADDED from src\main\AndroidManifest.xml:13:9-64
uses-feature#android.hardware.camera
ADDED from src\main\AndroidManifest.xml:16:5-60
MERGED from [alpha1e-android-app:alphaQRLib:unspecified] AndroidManifest.xml:21:5-23:36
	android:name
		ADDED from src\main\AndroidManifest.xml:16:19-57
uses-feature#android.hardware.camera.autofocus
ADDED from src\main\AndroidManifest.xml:17:5-70
MERGED from [alpha1e-android-app:alphaQRLib:unspecified] AndroidManifest.xml:27:5-29:36
	android:name
		ADDED from src\main\AndroidManifest.xml:17:19-67
uses-permission#android.permission.RECEIVE_BOOT_COMPLETED
ADDED from src\main\AndroidManifest.xml:19:5-81
	android:name
		ADDED from src\main\AndroidManifest.xml:19:22-78
uses-permission#android.permission.ACCESS_NETWORK_STATE
ADDED from src\main\AndroidManifest.xml:20:5-79
MERGED from [:happy-dns-0.2.7:] AndroidManifest.xml:13:5-79
	android:name
		ADDED from src\main\AndroidManifest.xml:20:22-76
uses-permission#android.permission.RECORD_AUDIO
ADDED from src\main\AndroidManifest.xml:21:5-71
MERGED from [com.czt.mp3recorder:library:1.0.4] AndroidManifest.xml:11:5-71
	android:name
		ADDED from src\main\AndroidManifest.xml:21:22-68
uses-permission#android.permission.CAMERA
ADDED from src\main\AndroidManifest.xml:22:5-65
MERGED from [alpha1e-android-app:alphaQRLib:unspecified] AndroidManifest.xml:11:5-65
	android:name
		ADDED from src\main\AndroidManifest.xml:22:22-62
uses-permission#android.permission.INTERNET
ADDED from src\main\AndroidManifest.xml:23:5-67
MERGED from [alpha1e-android-app:alphaQRLib:unspecified] AndroidManifest.xml:12:5-67
MERGED from [:qiniu-android-sdk-7.2.0:] AndroidManifest.xml:11:5-67
MERGED from [:happy-dns-0.2.7:] AndroidManifest.xml:11:5-67
	android:name
		ADDED from src\main\AndroidManifest.xml:23:22-64
uses-permission#android.permission.READ_PHONE_STATE
ADDED from src\main\AndroidManifest.xml:24:5-75
	android:name
		ADDED from src\main\AndroidManifest.xml:24:22-72
uses-permission#android.permission.ACCESS_WIFI_STATE
ADDED from src\main\AndroidManifest.xml:25:5-76
MERGED from [alpha1e-android-app:alphaQRLib:unspecified] AndroidManifest.xml:19:5-76
	android:name
		ADDED from src\main\AndroidManifest.xml:25:22-73
uses-permission#android.permission.WRITE_EXTERNAL_STORAGE
ADDED from src\main\AndroidManifest.xml:26:5-81
MERGED from [alpha1e-android-app:alphaQRLib:unspecified] AndroidManifest.xml:17:5-81
MERGED from [alpha1e-android-app:ChangeSkin:unspecified] AndroidManifest.xml:9:5-81
MERGED from [:qiniu-android-sdk-7.2.0:] AndroidManifest.xml:12:5-81
MERGED from [:happy-dns-0.2.7:] AndroidManifest.xml:12:5-81
MERGED from [com.czt.mp3recorder:library:1.0.4] AndroidManifest.xml:12:5-81
MERGED from [com.squareup.leakcanary:leakcanary-android:1.4-beta2] AndroidManifest.xml:26:5-81
	android:name
		ADDED from src\main\AndroidManifest.xml:26:22-78
uses-permission#android.permission.BLUETOOTH
ADDED from src\main\AndroidManifest.xml:27:5-68
	android:name
		ADDED from src\main\AndroidManifest.xml:27:22-65
uses-permission#android.permission.BLUETOOTH_ADMIN
ADDED from src\main\AndroidManifest.xml:28:5-74
	android:name
		ADDED from src\main\AndroidManifest.xml:28:22-71
uses-permission#android.permission.ACCESS_FINE_LOCATION
ADDED from src\main\AndroidManifest.xml:29:5-79
	android:name
		ADDED from src\main\AndroidManifest.xml:29:22-76
uses-permission#android.permission.ACCESS_COARSE_LOCATION
ADDED from src\main\AndroidManifest.xml:30:5-81
	android:name
		ADDED from src\main\AndroidManifest.xml:30:22-78
uses-permission#com.ubt.alpha1e.permission.JPUSH_MESSAGE
ADDED from src\main\AndroidManifest.xml:33:5-80
	android:name
		ADDED from src\main\AndroidManifest.xml:33:22-77
uses-permission#android.permission.RECEIVE_USER_PRESENT
ADDED from src\main\AndroidManifest.xml:34:5-79
	android:name
		ADDED from src\main\AndroidManifest.xml:34:22-76
uses-permission#android.permission.WAKE_LOCK
ADDED from src\main\AndroidManifest.xml:35:5-68
	android:name
		ADDED from src\main\AndroidManifest.xml:35:22-65
uses-permission#android.permission.READ_EXTERNAL_STORAGE
ADDED from src\main\AndroidManifest.xml:36:5-80
MERGED from [alpha1e-android-app:ChangeSkin:unspecified] AndroidManifest.xml:10:5-80
MERGED from [com.squareup.leakcanary:leakcanary-android:1.4-beta2] AndroidManifest.xml:25:5-80
	android:name
		ADDED from src\main\AndroidManifest.xml:36:22-77
uses-permission#android.permission.WRITE_SETTINGS
ADDED from src\main\AndroidManifest.xml:37:5-73
	android:name
		ADDED from src\main\AndroidManifest.xml:37:22-70
uses-permission#android.permission.VIBRATE
ADDED from src\main\AndroidManifest.xml:38:5-66
MERGED from [alpha1e-android-app:alphaQRLib:unspecified] AndroidManifest.xml:13:5-66
	android:name
		ADDED from src\main\AndroidManifest.xml:38:22-63
uses-permission#android.permission.MOUNT_UNMOUNT_FILESYSTEMS
ADDED from src\main\AndroidManifest.xml:39:5-84
	android:name
		ADDED from src\main\AndroidManifest.xml:39:22-81
uses-permission#android.permission.SYSTEM_ALERT_WINDOW
ADDED from src\main\AndroidManifest.xml:40:5-78
	android:name
		ADDED from src\main\AndroidManifest.xml:40:22-75
uses-permission#android.permission.CHANGE_WIFI_STATE
ADDED from src\main\AndroidManifest.xml:43:5-76
MERGED from [alpha1e-android-app:alphaQRLib:unspecified] AndroidManifest.xml:18:5-76
	android:name
		ADDED from src\main\AndroidManifest.xml:43:22-73
uses-permission#android.permission.ACCESS_LOCATION_EXTRA_COMMANDS
ADDED from src\main\AndroidManifest.xml:44:5-89
	android:name
		ADDED from src\main\AndroidManifest.xml:44:22-86
uses-permission#android.permission.CHANGE_NETWORK_STATE
ADDED from src\main\AndroidManifest.xml:45:5-79
	android:name
		ADDED from src\main\AndroidManifest.xml:45:22-76
uses-permission#android.permission.CALL_PHONE
ADDED from src\main\AndroidManifest.xml:46:5-69
	android:name
		ADDED from src\main\AndroidManifest.xml:46:22-66
uses-permission#android.permission.GET_TASKS
ADDED from src\main\AndroidManifest.xml:48:5-68
	android:name
		ADDED from src\main\AndroidManifest.xml:48:22-65
uses-permission#android.permission.GET_ACCOUNTS
ADDED from src\main\AndroidManifest.xml:49:5-71
	android:name
		ADDED from src\main\AndroidManifest.xml:49:22-68
uses-permission#android.permission.PACKAGE_USAGE_STATS
ADDED from src\main\AndroidManifest.xml:50:5-114
	tools:ignore
		ADDED from src\main\AndroidManifest.xml:50:76-111
	android:name
		ADDED from src\main\AndroidManifest.xml:50:22-75
uses-feature#0x00020000
ADDED from src\main\AndroidManifest.xml:52:5-54:35
	android:glEsVersion
		ADDED from src\main\AndroidManifest.xml:53:9-41
	android:required
		ADDED from src\main\AndroidManifest.xml:54:9-32
application
ADDED from src\main\AndroidManifest.xml:56:5-579:19
MERGED from [alpha1e-android-app:alpha1sLib:unspecified] AndroidManifest.xml:11:5-14:44
MERGED from [com.android.support:support-v4:24.0.0-beta1] AndroidManifest.xml:25:5-20
MERGED from [alpha1e-android-app:alphaQRLib:unspecified] AndroidManifest.xml:46:5-54:19
MERGED from [com.android.support:support-v4:24.0.0-beta1] AndroidManifest.xml:25:5-20
MERGED from [alpha1e-android-app:choseCountryNum:unspecified] AndroidManifest.xml:11:5-27:19
MERGED from [alpha1e-android-app:choseCountryNum:unspecified] AndroidManifest.xml:11:5-27:19
MERGED from [alpha1e-android-app:alpha1sGifLib:unspecified] AndroidManifest.xml:11:5-12:19
MERGED from [com.android.support:support-v4:24.0.0-beta1] AndroidManifest.xml:25:5-20
MERGED from [alpha1e-android-app:ChangeSkin:unspecified] AndroidManifest.xml:12:5-15:19
MERGED from [com.android.support:appcompat-v7:24.0.0-beta1] AndroidManifest.xml:25:5-20
MERGED from [com.android.support:support-v4:24.0.0-beta1] AndroidManifest.xml:25:5-20
MERGED from [com.android.support:support-vector-drawable:24.0.0-beta1] AndroidManifest.xml:23:5-20
MERGED from [com.android.support:support-v4:24.0.0-beta1] AndroidManifest.xml:25:5-20
MERGED from [com.android.support:animated-vector-drawable:24.0.0-beta1] AndroidManifest.xml:22:5-20
MERGED from [com.android.support:support-vector-drawable:24.0.0-beta1] AndroidManifest.xml:23:5-20
MERGED from [com.android.support:support-v4:24.0.0-beta1] AndroidManifest.xml:25:5-20
MERGED from [alpha1e-android-app:alpha1sGifLib:unspecified] AndroidManifest.xml:11:5-12:19
MERGED from [com.android.support:support-v4:24.0.0-beta1] AndroidManifest.xml:25:5-20
MERGED from [:qiniu-android-sdk-7.2.0:] AndroidManifest.xml:14:5-53
MERGED from [:happy-dns-0.2.7:] AndroidManifest.xml:15:5-24:19
MERGED from [:vitamioRecorderLibrary-release:] AndroidManifest.xml:11:5-15:19
MERGED from [:universalvideoview-release:] AndroidManifest.xml:11:5-12:19
MERGED from [com.android.support:support-v4:24.0.0-beta1] AndroidManifest.xml:25:5-20
MERGED from [com.android.support:support-v4:24.0.0-beta1] AndroidManifest.xml:25:5-20
MERGED from [com.android.support:design:24.0.0-beta1] AndroidManifest.xml:22:5-20
MERGED from [com.android.support:support-v4:24.0.0-beta1] AndroidManifest.xml:25:5-20
MERGED from [com.android.support:support-v4:24.0.0-beta1] AndroidManifest.xml:25:5-20
MERGED from [com.android.support:appcompat-v7:24.0.0-beta1] AndroidManifest.xml:25:5-20
MERGED from [com.android.support:support-v4:24.0.0-beta1] AndroidManifest.xml:25:5-20
MERGED from [com.android.support:support-vector-drawable:24.0.0-beta1] AndroidManifest.xml:23:5-20
MERGED from [com.android.support:support-v4:24.0.0-beta1] AndroidManifest.xml:25:5-20
MERGED from [com.android.support:animated-vector-drawable:24.0.0-beta1] AndroidManifest.xml:22:5-20
MERGED from [com.android.support:support-vector-drawable:24.0.0-beta1] AndroidManifest.xml:23:5-20
MERGED from [com.android.support:support-v4:24.0.0-beta1] AndroidManifest.xml:25:5-20
MERGED from [com.github.bumptech.glide:okhttp3-integration:1.4.0] AndroidManifest.xml:11:5-15:19
MERGED from [com.facebook.android:facebook-android-sdk:4.8.0] AndroidManifest.xml:28:5-20
MERGED from [com.android.support:support-v4:24.0.0-beta1] AndroidManifest.xml:25:5-20
MERGED from [com.android.support:support-v4:24.0.0-beta1] AndroidManifest.xml:25:5-20
MERGED from [com.squareup.leakcanary:leakcanary-android:1.4-beta2] AndroidManifest.xml:28:5-57:19
	android:label
		ADDED from src\main\AndroidManifest.xml:60:9-41
	android:allowBackup
		ADDED from src\main\AndroidManifest.xml:58:9-35
	android:icon
		ADDED from src\main\AndroidManifest.xml:59:9-45
	android:largeHeap
		ADDED from src\main\AndroidManifest.xml:61:9-33
	android:theme
		ADDED from src\main\AndroidManifest.xml:62:9-40
	android:name
		ADDED from src\main\AndroidManifest.xml:57:9-56
meta-data#com.amap.api.v2.apikey
ADDED from src\main\AndroidManifest.xml:63:9-65:64
	android:value
		ADDED from src\main\AndroidManifest.xml:65:13-61
	android:name
		ADDED from src\main\AndroidManifest.xml:64:13-50
meta-data#com.ubt.alpha1e.isDebug
ADDED from src\main\AndroidManifest.xml:66:9-68:33
	android:value
		ADDED from src\main\AndroidManifest.xml:68:13-30
	android:name
		ADDED from src\main\AndroidManifest.xml:67:13-51
meta-data#com.ubt.alpha1e.logTitle
ADDED from src\main\AndroidManifest.xml:69:9-71:32
	android:value
		ADDED from src\main\AndroidManifest.xml:71:13-29
	android:name
		ADDED from src\main\AndroidManifest.xml:70:13-52
meta-data#com.ubt.alpha1e.currentEdit
ADDED from src\main\AndroidManifest.xml:72:9-74:43
	android:value
		ADDED from src\main\AndroidManifest.xml:74:13-40
	android:name
		ADDED from src\main\AndroidManifest.xml:73:13-55
meta-data#UMENG_APPKEY
ADDED from src\main\AndroidManifest.xml:75:9-77:56
	android:value
		ADDED from src\main\AndroidManifest.xml:77:13-53
	android:name
		ADDED from src\main\AndroidManifest.xml:76:13-40
meta-data#UMENG_CHANNEL
ADDED from src\main\AndroidManifest.xml:78:9-80:54
	android:value
		ADDED from src\main\AndroidManifest.xml:80:13-51
		INJECTED from src\main\AndroidManifest.xml
	android:name
		ADDED from src\main\AndroidManifest.xml:79:13-41
receiver#com.ubt.alpha1e.services.OSStartBroadcastReceiver
ADDED from src\main\AndroidManifest.xml:82:9-86:20
	android:name
		ADDED from src\main\AndroidManifest.xml:82:19-83
intent-filter#android.intent.action.BOOT_COMPLETED
ADDED from src\main\AndroidManifest.xml:83:13-85:29
action#android.intent.action.BOOT_COMPLETED
ADDED from src\main\AndroidManifest.xml:84:17-79
	android:name
		ADDED from src\main\AndroidManifest.xml:84:25-76
service#com.ubt.alpha1e.services.GetResourcesService
ADDED from src\main\AndroidManifest.xml:88:9-90:38
	android:enabled
		ADDED from src\main\AndroidManifest.xml:90:13-35
	android:name
		ADDED from src\main\AndroidManifest.xml:89:13-72
service#com.ubt.alpha1e.services.ActivationService
ADDED from src\main\AndroidManifest.xml:92:9-78
	android:name
		ADDED from src\main\AndroidManifest.xml:92:18-75
service#com.ubt.alpha1e.services.RecordSoftService
ADDED from src\main\AndroidManifest.xml:94:9-78
	android:name
		ADDED from src\main\AndroidManifest.xml:94:18-75
service#com.ubt.alpha1e.services.AutoScanConnectService
ADDED from src\main\AndroidManifest.xml:96:9-83
	android:name
		ADDED from src\main\AndroidManifest.xml:96:18-80
service#cn.jpush.android.service.PushService
ADDED from src\main\AndroidManifest.xml:99:9-109:19
	android:enabled
		ADDED from src\main\AndroidManifest.xml:101:13-35
	android:exported
		ADDED from src\main\AndroidManifest.xml:102:13-37
	android:name
		ADDED from src\main\AndroidManifest.xml:100:13-64
intent-filter#cn.jpush.android.intent.PUSH_TIME+cn.jpush.android.intent.PushService+cn.jpush.android.intent.REGISTER+cn.jpush.android.intent.REPORT
ADDED from src\main\AndroidManifest.xml:103:13-108:29
action#cn.jpush.android.intent.REGISTER
ADDED from src\main\AndroidManifest.xml:104:17-75
	android:name
		ADDED from src\main\AndroidManifest.xml:104:25-72
action#cn.jpush.android.intent.REPORT
ADDED from src\main\AndroidManifest.xml:105:17-73
	android:name
		ADDED from src\main\AndroidManifest.xml:105:25-70
action#cn.jpush.android.intent.PushService
ADDED from src\main\AndroidManifest.xml:106:17-78
	android:name
		ADDED from src\main\AndroidManifest.xml:106:25-75
action#cn.jpush.android.intent.PUSH_TIME
ADDED from src\main\AndroidManifest.xml:107:17-76
	android:name
		ADDED from src\main\AndroidManifest.xml:107:25-73
service#cn.jpush.android.service.DaemonService
ADDED from src\main\AndroidManifest.xml:110:9-119:19
	android:enabled
		ADDED from src\main\AndroidManifest.xml:112:13-35
	android:exported
		ADDED from src\main\AndroidManifest.xml:113:13-36
	android:name
		ADDED from src\main\AndroidManifest.xml:111:13-66
intent-filter#cn.jpush.android.intent.DaemonService+com.ubt.alpha1e
ADDED from src\main\AndroidManifest.xml:114:13-118:29
action#cn.jpush.android.intent.DaemonService
ADDED from src\main\AndroidManifest.xml:115:17-80
	android:name
		ADDED from src\main\AndroidManifest.xml:115:25-77
category#com.ubt.alpha1e
ADDED from src\main\AndroidManifest.xml:117:17-60
	android:name
		ADDED from src\main\AndroidManifest.xml:117:27-57
receiver#cn.jpush.android.service.PushReceiver
ADDED from src\main\AndroidManifest.xml:121:9-140:20
	android:enabled
		ADDED from src\main\AndroidManifest.xml:123:13-35
	android:name
		ADDED from src\main\AndroidManifest.xml:122:13-65
intent-filter#cn.jpush.android.intent.NOTIFICATION_RECEIVED_PROXY+com.ubt.alpha1e
ADDED from src\main\AndroidManifest.xml:124:13-128:29
	android:priority
		ADDED from src\main\AndroidManifest.xml:124:28-51
action#cn.jpush.android.intent.NOTIFICATION_RECEIVED_PROXY
ADDED from src\main\AndroidManifest.xml:125:17-94
	android:name
		ADDED from src\main\AndroidManifest.xml:125:25-91
intent-filter#android.intent.action.USER_PRESENT+android.net.conn.CONNECTIVITY_CHANGE
ADDED from src\main\AndroidManifest.xml:129:13-132:29
action#android.intent.action.USER_PRESENT
ADDED from src\main\AndroidManifest.xml:130:17-77
	android:name
		ADDED from src\main\AndroidManifest.xml:130:25-74
action#android.net.conn.CONNECTIVITY_CHANGE
ADDED from src\main\AndroidManifest.xml:131:17-79
	android:name
		ADDED from src\main\AndroidManifest.xml:131:25-76
intent-filter#android.intent.action.PACKAGE_ADDED+android.intent.action.PACKAGE_REMOVED
ADDED from src\main\AndroidManifest.xml:134:13-139:29
action#android.intent.action.PACKAGE_ADDED
ADDED from src\main\AndroidManifest.xml:135:17-78
	android:name
		ADDED from src\main\AndroidManifest.xml:135:25-75
action#android.intent.action.PACKAGE_REMOVED
ADDED from src\main\AndroidManifest.xml:136:17-80
	android:name
		ADDED from src\main\AndroidManifest.xml:136:25-77
data
ADDED from src\main\AndroidManifest.xml:138:17-50
	android:scheme
		ADDED from src\main\AndroidManifest.xml:138:23-47
activity#cn.jpush.android.ui.PushActivity
ADDED from src\main\AndroidManifest.xml:143:9-153:20
	android:exported
		ADDED from src\main\AndroidManifest.xml:146:13-37
	android:configChanges
		ADDED from src\main\AndroidManifest.xml:145:13-63
	android:name
		ADDED from src\main\AndroidManifest.xml:144:13-60
intent-filter#android.intent.category.DEFAULT+cn.jpush.android.ui.PushActivity+com.ubt.alpha1e
ADDED from src\main\AndroidManifest.xml:147:13-152:29
action#cn.jpush.android.ui.PushActivity
ADDED from src\main\AndroidManifest.xml:148:17-75
	android:name
		ADDED from src\main\AndroidManifest.xml:148:25-72
category#android.intent.category.DEFAULT
ADDED from src\main\AndroidManifest.xml:150:17-76
	android:name
		ADDED from src\main\AndroidManifest.xml:150:27-73
service#cn.jpush.android.service.DownloadService
ADDED from src\main\AndroidManifest.xml:155:9-158:40
	android:enabled
		ADDED from src\main\AndroidManifest.xml:157:13-35
	android:exported
		ADDED from src\main\AndroidManifest.xml:158:13-37
	android:name
		ADDED from src\main\AndroidManifest.xml:156:13-68
receiver#cn.jpush.android.service.AlarmReceiver
ADDED from src\main\AndroidManifest.xml:160:9-75
	android:name
		ADDED from src\main\AndroidManifest.xml:160:19-72
receiver#com.ubt.alpha1e.services.MyJPushReceiver
ADDED from src\main\AndroidManifest.xml:161:9-174:20
	android:enabled
		ADDED from src\main\AndroidManifest.xml:163:13-35
	android:name
		ADDED from src\main\AndroidManifest.xml:162:13-68
intent-filter#cn.jpush.android.intent.MESSAGE_RECEIVED+cn.jpush.android.intent.NOTIFICATION_OPENED+cn.jpush.android.intent.NOTIFICATION_RECEIVED+cn.jpush.android.intent.REGISTRATION+com.ubt.alpha1e
ADDED from src\main\AndroidManifest.xml:166:13-173:29
action#cn.jpush.android.intent.REGISTRATION
ADDED from src\main\AndroidManifest.xml:167:17-79
	android:name
		ADDED from src\main\AndroidManifest.xml:167:25-76
action#cn.jpush.android.intent.MESSAGE_RECEIVED
ADDED from src\main\AndroidManifest.xml:168:17-83
	android:name
		ADDED from src\main\AndroidManifest.xml:168:25-80
action#cn.jpush.android.intent.NOTIFICATION_RECEIVED
ADDED from src\main\AndroidManifest.xml:169:17-88
	android:name
		ADDED from src\main\AndroidManifest.xml:169:25-85
action#cn.jpush.android.intent.NOTIFICATION_OPENED
ADDED from src\main\AndroidManifest.xml:170:17-86
	android:name
		ADDED from src\main\AndroidManifest.xml:170:25-83
meta-data#JPUSH_CHANNEL
ADDED from src\main\AndroidManifest.xml:181:9-183:49
	android:value
		ADDED from src\main\AndroidManifest.xml:183:13-46
	android:name
		ADDED from src\main\AndroidManifest.xml:182:13-41
meta-data#JPUSH_APPKEY
ADDED from src\main\AndroidManifest.xml:185:9-187:56
	android:value
		ADDED from src\main\AndroidManifest.xml:187:13-53
	android:name
		ADDED from src\main\AndroidManifest.xml:186:13-40
meta-data#com.facebook.sdk.ApplicationId
ADDED from src\main\AndroidManifest.xml:190:9-193:47
	tools:ignore
		ADDED from src\main\AndroidManifest.xml:193:13-44
	android:value
		ADDED from src\main\AndroidManifest.xml:192:13-52
	android:name
		ADDED from src\main\AndroidManifest.xml:191:13-58
activity#com.facebook.FacebookActivity
ADDED from src\main\AndroidManifest.xml:199:9-203:75
	android:label
		ADDED from src\main\AndroidManifest.xml:202:13-45
	android:configChanges
		ADDED from src\main\AndroidManifest.xml:201:13-96
	android:theme
		ADDED from src\main\AndroidManifest.xml:203:13-72
	android:name
		ADDED from src\main\AndroidManifest.xml:200:13-57
provider#com.facebook.FacebookContentProvider
ADDED from src\main\AndroidManifest.xml:206:9-209:39
	android:authorities
		ADDED from src\main\AndroidManifest.xml:208:13-91
	android:exported
		ADDED from src\main\AndroidManifest.xml:209:13-36
	android:name
		ADDED from src\main\AndroidManifest.xml:207:13-64
activity#com.ubt.alpha1e.ui.StartInitSkinActivity
ADDED from src\main\AndroidManifest.xml:211:9-230:20
	android:screenOrientation
		ADDED from src\main\AndroidManifest.xml:214:13-49
	android:label
		ADDED from src\main\AndroidManifest.xml:213:13-45
	android:theme
		ADDED from src\main\AndroidManifest.xml:215:13-58
	android:name
		ADDED from src\main\AndroidManifest.xml:212:13-68
intent-filter#android.intent.action.MAIN+android.intent.category.LAUNCHER
ADDED from src\main\AndroidManifest.xml:216:13-219:29
action#android.intent.action.MAIN
ADDED from src\main\AndroidManifest.xml:217:17-69
	android:name
		ADDED from src\main\AndroidManifest.xml:217:25-66
category#android.intent.category.LAUNCHER
ADDED from src\main\AndroidManifest.xml:218:17-77
	android:name
		ADDED from src\main\AndroidManifest.xml:218:27-74
intent-filter#android.intent.action.VIEW+android.intent.category.BROWSABLE+android.intent.category.DEFAULT
ADDED from src\main\AndroidManifest.xml:220:13-229:29
action#android.intent.action.VIEW
ADDED from src\main\AndroidManifest.xml:221:17-69
	android:name
		ADDED from src\main\AndroidManifest.xml:221:25-66
category#android.intent.category.BROWSABLE
ADDED from src\main\AndroidManifest.xml:223:17-78
	android:name
		ADDED from src\main\AndroidManifest.xml:223:27-75
activity#com.ubt.alpha1e.ui.Introduction.IntroductionActivity
ADDED from src\main\AndroidManifest.xml:231:9-234:61
	android:screenOrientation
		ADDED from src\main\AndroidManifest.xml:233:13-49
	android:theme
		ADDED from src\main\AndroidManifest.xml:234:13-58
	android:name
		ADDED from src\main\AndroidManifest.xml:232:13-80
activity#com.ubt.alpha1e.ui.StartActivity
ADDED from src\main\AndroidManifest.xml:235:9-238:61
	android:screenOrientation
		ADDED from src\main\AndroidManifest.xml:237:13-49
	android:theme
		ADDED from src\main\AndroidManifest.xml:238:13-58
	android:name
		ADDED from src\main\AndroidManifest.xml:236:13-60
activity#com.ubt.alpha1e.ui.PcUpdateActivity
ADDED from src\main\AndroidManifest.xml:240:9-243:51
	android:screenOrientation
		ADDED from src\main\AndroidManifest.xml:242:13-49
	android:theme
		ADDED from src\main\AndroidManifest.xml:243:13-48
	android:name
		ADDED from src\main\AndroidManifest.xml:241:13-63
activity#com.ubt.alpha1e.ui.PcUpdateFinishActivity
ADDED from src\main\AndroidManifest.xml:245:9-248:51
	android:screenOrientation
		ADDED from src\main\AndroidManifest.xml:247:13-49
	android:theme
		ADDED from src\main\AndroidManifest.xml:248:13-48
	android:name
		ADDED from src\main\AndroidManifest.xml:246:13-69
activity#com.tencent.tauth.AuthActivity
ADDED from src\main\AndroidManifest.xml:250:9-262:20
	android:launchMode
		ADDED from src\main\AndroidManifest.xml:252:13-44
	android:noHistory
		ADDED from src\main\AndroidManifest.xml:253:13-37
	android:name
		ADDED from src\main\AndroidManifest.xml:251:13-58
activity#com.tencent.connect.common.AssistActivity
ADDED from src\main\AndroidManifest.xml:263:9-266:75
	android:configChanges
		ADDED from src\main\AndroidManifest.xml:265:13-74
	android:theme
		ADDED from src\main\AndroidManifest.xml:266:13-72
	android:name
		ADDED from src\main\AndroidManifest.xml:264:13-69
activity#com.sina.weibo.sdk.component.WeiboSdkBrowser
ADDED from src\main\AndroidManifest.xml:267:9-271:58
	android:exported
		ADDED from src\main\AndroidManifest.xml:270:13-37
	android:windowSoftInputMode
		ADDED from src\main\AndroidManifest.xml:271:13-55
	android:configChanges
		ADDED from src\main\AndroidManifest.xml:269:13-63
	android:name
		ADDED from src\main\AndroidManifest.xml:268:13-72
activity#com.ubt.alpha1e.ui.RegisterActivity
ADDED from src\main\AndroidManifest.xml:273:9-278:51
	android:screenOrientation
		ADDED from src\main\AndroidManifest.xml:277:13-49
	android:label
		ADDED from src\main\AndroidManifest.xml:275:13-60
	android:windowSoftInputMode
		ADDED from src\main\AndroidManifest.xml:276:13-55
	android:theme
		ADDED from src\main\AndroidManifest.xml:278:13-48
	android:name
		ADDED from src\main\AndroidManifest.xml:274:13-63
activity#com.ubt.alpha1e.ui.PrivateInfoActivity
ADDED from src\main\AndroidManifest.xml:279:9-283:51
	android:screenOrientation